<?xml version="1.0" encoding="UTF-8"?>
<!-- Generated by org.testng.reporters.JUnitReportReporter -->
<testsuite skipped="0" hostname="PC-201805291825" name="com.qa.tests.PostApiTest" tests="1" failures="0" timestamp="30 十月 2018 14:27:58 GMT" time="1.327" errors="0">
  <testcase name="testPostAPI" time="1.327" classname="com.qa.tests.PostApiTest"/>
</testsuite> <!-- com.qa.tests.PostApiTest -->
