<?xml version="1.0" encoding="UTF-8"?>
<!-- Generated by org.testng.reporters.JUnitReportReporter -->
<testsuite skipped="0" hostname="PC-201805291825" name="com.qa.tests.GetApiTest" tests="1" failures="0" timestamp="30 十月 2018 14:38:33 GMT" time="1.084" errors="0">
  <testcase name="testGetAPI" time="1.084" classname="com.qa.tests.GetApiTest"/>
</testsuite> <!-- com.qa.tests.GetApiTest -->
