<?xml version="1.0" encoding="UTF-8"?>
<!-- Generated by org.testng.reporters.JUnitReportReporter -->
<testsuite skipped="0" hostname="PC-201805291825" name="com.qa.tests.DeleteApiTest" tests="1" failures="0" timestamp="02 十一月 2018 15:37:58 GMT" time="1.966" errors="0">
  <testcase name="deleteApiTest" time="1.966" classname="com.qa.tests.DeleteApiTest"/>
</testsuite> <!-- com.qa.tests.DeleteApiTest -->
