<?xml version="1.0" encoding="UTF-8"?>
<!-- Generated by org.testng.reporters.JUnitReportReporter -->
<testsuite skipped="0" hostname="PC-201805291825" name="com.qa.tests.PutApiTest" tests="1" failures="0" timestamp="30 十月 2018 14:27:58 GMT" time="1.330" errors="0">
  <testcase name="putTest" time="1.330" classname="com.qa.tests.PutApiTest"/>
</testsuite> <!-- com.qa.tests.PutApiTest -->
