<?xml version="1.0" encoding="UTF-8"?>
<!-- Generated by org.testng.reporters.JUnitReportReporter -->
<testsuite skipped="0" hostname="DESKTOP-OPU6J0B" name="com.qa.tests.DeleteApiTest" tests="1" failures="0" timestamp="01 十一月 2018 08:06:53 GMT" time="0.540" errors="0">
  <testcase name="deleteApiTest" time="0.540" classname="com.qa.tests.DeleteApiTest"/>
</testsuite> <!-- com.qa.tests.DeleteApiTest -->
