<?xml version="1.0" encoding="UTF-8"?>
<!-- Generated by org.testng.reporters.JUnitReportReporter -->
<testsuite skipped="0" hostname="PC-201805291825" name="com.qa.tests.RegistTest" tests="3" failures="0" timestamp="02 十一月 2018 16:01:35 GMT" time="0.335" errors="0">
  <testcase name="testRegist" time="0.292" classname="com.qa.tests.RegistTest"/>
  <testcase name="testRegist" time="0.020" classname="com.qa.tests.RegistTest"/>
  <testcase name="testRegist" time="0.023" classname="com.qa.tests.RegistTest"/>
</testsuite> <!-- com.qa.tests.RegistTest -->
