<?xml version="1.0" encoding="UTF-8"?>
<!-- Generated by org.testng.reporters.JUnitReportReporter -->
<testsuite skipped="0" hostname="DESKTOP-OPU6J0B" name="com.qa.tests.GetApiTest" tests="1" failures="0" timestamp="01 十一月 2018 08:06:53 GMT" time="0.573" errors="0">
  <testcase name="testGetAPI" time="0.573" classname="com.qa.tests.GetApiTest"/>
</testsuite> <!-- com.qa.tests.GetApiTest -->
